<?xml version="1.0" encoding="UTF-8"?>
<testng-results ignored="0" total="14" passed="13" failed="1" skipped="0">
  <reporter-output>
  </reporter-output>
  <suite started-at="2020-01-08T22:15:25Z" name="Suite" finished-at="2020-01-08T22:27:34Z" duration-ms="729117">
    <groups>
    </groups>
    <test started-at="2020-01-08T22:15:25Z" name="Test" finished-at="2020-01-08T22:27:34Z" duration-ms="729117">
      <class name="com.testCases.TP_TC_095">
        <test-method is-config="true" signature="setup()[pri:0, instance:com.testCases.TP_TC_095@428640fa]" started-at="2020-01-08T22:19:28Z" name="setup" finished-at="2020-01-08T22:19:39Z" duration-ms="10754" status="PASS">
          <reporter-output>
          </reporter-output>
        </test-method> <!-- setup -->
        <test-method signature="ZeroPrizeUpdate()[pri:0, instance:com.testCases.TP_TC_095@428640fa]" started-at="2020-01-08T22:19:39Z" name="ZeroPrizeUpdate" finished-at="2020-01-08T22:20:00Z" duration-ms="21071" status="PASS">
          <reporter-output>
          </reporter-output>
        </test-method> <!-- ZeroPrizeUpdate -->
        <test-method is-config="true" signature="tearDown()[pri:0, instance:com.testCases.TP_TC_095@428640fa]" started-at="2020-01-08T22:20:00Z" name="tearDown" finished-at="2020-01-08T22:20:00Z" duration-ms="1" status="PASS">
          <reporter-output>
          </reporter-output>
        </test-method> <!-- tearDown -->
      </class> <!-- com.testCases.TP_TC_095 -->
      <class name="com.testCases.TP_TC_097">
        <test-method is-config="true" signature="setup()[pri:0, instance:com.testCases.TP_TC_097@2d710f1a]" started-at="2020-01-08T22:20:56Z" name="setup" finished-at="2020-01-08T22:21:06Z" duration-ms="10473" status="PASS">
          <reporter-output>
          </reporter-output>
        </test-method> <!-- setup -->
        <test-method signature="TransactionHistory()[pri:0, instance:com.testCases.TP_TC_097@2d710f1a]" started-at="2020-01-08T22:21:06Z" name="TransactionHistory" finished-at="2020-01-08T22:21:30Z" duration-ms="23795" status="PASS">
          <reporter-output>
          </reporter-output>
        </test-method> <!-- TransactionHistory -->
        <test-method is-config="true" signature="tearDown()[pri:0, instance:com.testCases.TP_TC_097@2d710f1a]" started-at="2020-01-08T22:21:30Z" name="tearDown" finished-at="2020-01-08T22:21:30Z" duration-ms="1" status="PASS">
          <reporter-output>
          </reporter-output>
        </test-method> <!-- tearDown -->
      </class> <!-- com.testCases.TP_TC_097 -->
      <class name="com.testCases.TP_TC_096">
        <test-method is-config="true" signature="setup()[pri:0, instance:com.testCases.TP_TC_096@d9345cd]" started-at="2020-01-08T22:20:00Z" name="setup" finished-at="2020-01-08T22:20:10Z" duration-ms="10371" status="PASS">
          <reporter-output>
          </reporter-output>
        </test-method> <!-- setup -->
        <test-method signature="TransactionHistory()[pri:0, instance:com.testCases.TP_TC_096@d9345cd]" started-at="2020-01-08T22:20:10Z" name="TransactionHistory" finished-at="2020-01-08T22:20:56Z" duration-ms="45748" status="PASS">
          <reporter-output>
          </reporter-output>
        </test-method> <!-- TransactionHistory -->
        <test-method is-config="true" signature="tearDown()[pri:0, instance:com.testCases.TP_TC_096@d9345cd]" started-at="2020-01-08T22:20:56Z" name="tearDown" finished-at="2020-01-08T22:20:56Z" duration-ms="0" status="PASS">
          <reporter-output>
          </reporter-output>
        </test-method> <!-- tearDown -->
      </class> <!-- com.testCases.TP_TC_096 -->
      <class name="com.testCases.TP_TC_114">
        <test-method is-config="true" signature="setup()[pri:0, instance:com.testCases.TP_TC_114@4efac082]" started-at="2020-01-08T22:23:46Z" name="setup" finished-at="2020-01-08T22:23:58Z" duration-ms="12096" status="PASS">
          <reporter-output>
          </reporter-output>
        </test-method> <!-- setup -->
        <test-method signature="BalanceUpdate()[pri:0, instance:com.testCases.TP_TC_114@4efac082]" started-at="2020-01-08T22:23:58Z" name="BalanceUpdate" finished-at="2020-01-08T22:25:12Z" duration-ms="73625" status="PASS">
          <reporter-output>
          </reporter-output>
        </test-method> <!-- BalanceUpdate -->
        <test-method is-config="true" signature="tearDown()[pri:0, instance:com.testCases.TP_TC_114@4efac082]" started-at="2020-01-08T22:25:12Z" name="tearDown" finished-at="2020-01-08T22:25:12Z" duration-ms="0" status="PASS">
          <reporter-output>
          </reporter-output>
        </test-method> <!-- tearDown -->
      </class> <!-- com.testCases.TP_TC_114 -->
      <class name="com.testCases.TP_TC_047">
        <test-method is-config="true" signature="setup()[pri:0, instance:com.testCases.TP_TC_047@4c1909a3]" started-at="2020-01-08T22:18:06Z" name="setup" finished-at="2020-01-08T22:18:17Z" duration-ms="10884" status="PASS">
          <reporter-output>
          </reporter-output>
        </test-method> <!-- setup -->
        <test-method signature="Need()[pri:0, instance:com.testCases.TP_TC_047@4c1909a3]" started-at="2020-01-08T22:18:17Z" name="Need" finished-at="2020-01-08T22:19:28Z" duration-ms="71221" status="PASS">
          <reporter-output>
          </reporter-output>
        </test-method> <!-- Need -->
        <test-method is-config="true" signature="tearDown()[pri:0, instance:com.testCases.TP_TC_047@4c1909a3]" started-at="2020-01-08T22:19:28Z" name="tearDown" finished-at="2020-01-08T22:19:28Z" duration-ms="1" status="PASS">
          <reporter-output>
          </reporter-output>
        </test-method> <!-- tearDown -->
      </class> <!-- com.testCases.TP_TC_047 -->
      <class name="com.testCases.TP_TC_028">
        <test-method is-config="true" signature="setup()[pri:0, instance:com.testCases.TP_TC_028@55634720]" started-at="2020-01-08T22:16:15Z" name="setup" finished-at="2020-01-08T22:16:26Z" duration-ms="10836" status="PASS">
          <reporter-output>
          </reporter-output>
        </test-method> <!-- setup -->
        <test-method signature="Edit()[pri:0, instance:com.testCases.TP_TC_028@55634720]" started-at="2020-01-08T22:16:26Z" name="Edit" finished-at="2020-01-08T22:17:21Z" duration-ms="55486" status="PASS">
          <reporter-output>
          </reporter-output>
        </test-method> <!-- Edit -->
        <test-method is-config="true" signature="tearDown()[pri:0, instance:com.testCases.TP_TC_028@55634720]" started-at="2020-01-08T22:17:21Z" name="tearDown" finished-at="2020-01-08T22:17:21Z" duration-ms="0" status="PASS">
          <reporter-output>
          </reporter-output>
        </test-method> <!-- tearDown -->
      </class> <!-- com.testCases.TP_TC_028 -->
      <class name="com.testCases.TP_TC_116">
        <test-method is-config="true" signature="setup()[pri:0, instance:com.testCases.TP_TC_116@48aca48b]" started-at="2020-01-08T22:27:03Z" name="setup" finished-at="2020-01-08T22:27:14Z" duration-ms="10578" status="PASS">
          <reporter-output>
          </reporter-output>
        </test-method> <!-- setup -->
        <test-method signature="BalanceUpdate()[pri:0, instance:com.testCases.TP_TC_116@48aca48b]" started-at="2020-01-08T22:27:14Z" name="BalanceUpdate" finished-at="2020-01-08T22:27:34Z" duration-ms="19903" status="PASS">
          <reporter-output>
          </reporter-output>
        </test-method> <!-- BalanceUpdate -->
        <test-method is-config="true" signature="tearDown()[pri:0, instance:com.testCases.TP_TC_116@48aca48b]" started-at="2020-01-08T22:27:34Z" name="tearDown" finished-at="2020-01-08T22:27:34Z" duration-ms="1" status="PASS">
          <reporter-output>
          </reporter-output>
        </test-method> <!-- tearDown -->
      </class> <!-- com.testCases.TP_TC_116 -->
      <class name="com.testCases.TP_TC_027">
        <test-method is-config="true" signature="setup()[pri:0, instance:com.testCases.TP_TC_027@4659191b]" started-at="2020-01-08T22:15:40Z" name="setup" finished-at="2020-01-08T22:15:51Z" duration-ms="10885" status="PASS">
          <reporter-output>
          </reporter-output>
        </test-method> <!-- setup -->
        <test-method signature="searchTest(java.lang.String, java.lang.String, java.lang.String)[pri:0, instance:com.testCases.TP_TC_027@4659191b]" started-at="2020-01-08T22:15:51Z" name="searchTest" data-provider="search" finished-at="2020-01-08T22:15:58Z" duration-ms="7096" status="PASS">
          <params>
            <param index="0">
              <value>
                <![CDATA[wave@mailinator.com]]>
              </value>
            </param>
            <param index="1">
              <value>
                <![CDATA[Busyqa2020]]>
              </value>
            </param>
            <param index="2">
              <value>
                <![CDATA[Makeup]]>
              </value>
            </param>
          </params>
          <reporter-output>
          </reporter-output>
        </test-method> <!-- searchTest -->
        <test-method is-config="true" signature="tearDown()[pri:0, instance:com.testCases.TP_TC_027@4659191b]" started-at="2020-01-08T22:15:58Z" name="tearDown" finished-at="2020-01-08T22:15:58Z" duration-ms="0" status="PASS">
          <reporter-output>
          </reporter-output>
        </test-method> <!-- tearDown -->
        <test-method is-config="true" signature="setup()[pri:0, instance:com.testCases.TP_TC_027@4659191b]" started-at="2020-01-08T22:15:58Z" name="setup" finished-at="2020-01-08T22:16:09Z" duration-ms="10992" status="PASS">
          <reporter-output>
          </reporter-output>
        </test-method> <!-- setup -->
        <test-method signature="searchTest(java.lang.String, java.lang.String, java.lang.String)[pri:0, instance:com.testCases.TP_TC_027@4659191b]" started-at="2020-01-08T22:16:09Z" name="searchTest" data-provider="search" finished-at="2020-01-08T22:16:15Z" duration-ms="5807" status="PASS">
          <params>
            <param index="0">
              <value>
                <![CDATA[wave@mailinator.com]]>
              </value>
            </param>
            <param index="1">
              <value>
                <![CDATA[Busyqa2020]]>
              </value>
            </param>
            <param index="2">
              <value>
                <![CDATA[test ride]]>
              </value>
            </param>
          </params>
          <reporter-output>
          </reporter-output>
        </test-method> <!-- searchTest -->
        <test-method is-config="true" signature="tearDown()[pri:0, instance:com.testCases.TP_TC_027@4659191b]" started-at="2020-01-08T22:16:15Z" name="tearDown" finished-at="2020-01-08T22:16:15Z" duration-ms="0" status="PASS">
          <reporter-output>
          </reporter-output>
        </test-method> <!-- tearDown -->
      </class> <!-- com.testCases.TP_TC_027 -->
      <class name="com.testCases.TP_TC_115">
        <test-method is-config="true" signature="setup()[pri:0, instance:com.testCases.TP_TC_115@6bd61f98]" started-at="2020-01-08T22:25:12Z" name="setup" finished-at="2020-01-08T22:25:25Z" duration-ms="12957" status="PASS">
          <reporter-output>
          </reporter-output>
        </test-method> <!-- setup -->
        <test-method signature="BalanceUpdate()[pri:0, instance:com.testCases.TP_TC_115@6bd61f98]" started-at="2020-01-08T22:25:25Z" name="BalanceUpdate" finished-at="2020-01-08T22:27:03Z" duration-ms="98473" status="PASS">
          <reporter-output>
          </reporter-output>
        </test-method> <!-- BalanceUpdate -->
        <test-method is-config="true" signature="tearDown()[pri:0, instance:com.testCases.TP_TC_115@6bd61f98]" started-at="2020-01-08T22:27:03Z" name="tearDown" finished-at="2020-01-08T22:27:03Z" duration-ms="0" status="PASS">
          <reporter-output>
          </reporter-output>
        </test-method> <!-- tearDown -->
      </class> <!-- com.testCases.TP_TC_115 -->
      <class name="com.testCases.TP_TC_099">
        <test-method is-config="true" signature="setup()[pri:0, instance:com.testCases.TP_TC_099@59505b48]" started-at="2020-01-08T22:22:40Z" name="setup" finished-at="2020-01-08T22:22:50Z" duration-ms="10460" status="PASS">
          <reporter-output>
          </reporter-output>
        </test-method> <!-- setup -->
        <test-method signature="ZeroPrizeUpdate()[pri:0, instance:com.testCases.TP_TC_099@59505b48]" started-at="2020-01-08T22:22:50Z" name="ZeroPrizeUpdate" finished-at="2020-01-08T22:23:46Z" duration-ms="55821" status="FAIL">
          <exception class="org.openqa.selenium.TimeoutException">
            <message>
              <![CDATA[Expected condition failed: waiting for visibility of Proxy element for: DefaultElementLocator 'By.xpath: //input[@id='name_on_card']' (tried for 25 second(s) with 500 milliseconds interval)]]>
            </message>
            <full-stacktrace>
              <![CDATA[org.openqa.selenium.TimeoutException: Expected condition failed: waiting for visibility of Proxy element for: DefaultElementLocator 'By.xpath: //input[@id='name_on_card']' (tried for 25 second(s) with 500 milliseconds interval)
at org.openqa.selenium.support.ui.WebDriverWait.timeoutException(WebDriverWait.java:95)
at org.openqa.selenium.support.ui.FluentWait.until(FluentWait.java:272)
at com.pageObjects.InsufficientEedsPage.EnterNameonCard(InsufficientEedsPage.java:30)
at com.testCases.TP_TC_099.ZeroPrizeUpdate(TP_TC_099.java:135)
at java.base/jdk.internal.reflect.NativeMethodAccessorImpl.invoke0(Native Method)
at java.base/jdk.internal.reflect.NativeMethodAccessorImpl.invoke(NativeMethodAccessorImpl.java:62)
at java.base/jdk.internal.reflect.DelegatingMethodAccessorImpl.invoke(DelegatingMethodAccessorImpl.java:43)
at java.base/java.lang.reflect.Method.invoke(Method.java:567)
at org.testng.internal.MethodInvocationHelper.invokeMethod(MethodInvocationHelper.java:124)
at org.testng.internal.Invoker.invokeMethod(Invoker.java:583)
at org.testng.internal.Invoker.invokeTestMethod(Invoker.java:719)
at org.testng.internal.Invoker.invokeTestMethods(Invoker.java:989)
at org.testng.internal.TestMethodWorker.invokeTestMethods(TestMethodWorker.java:125)
at org.testng.internal.TestMethodWorker.run(TestMethodWorker.java:109)
at org.testng.TestRunner.privateRun(TestRunner.java:648)
at org.testng.TestRunner.run(TestRunner.java:505)
at org.testng.SuiteRunner.runTest(SuiteRunner.java:455)
at org.testng.SuiteRunner.runSequentially(SuiteRunner.java:450)
at org.testng.SuiteRunner.privateRun(SuiteRunner.java:415)
at org.testng.SuiteRunner.run(SuiteRunner.java:364)
at org.testng.SuiteRunnerWorker.runSuite(SuiteRunnerWorker.java:52)
at org.testng.SuiteRunnerWorker.run(SuiteRunnerWorker.java:84)
at org.testng.TestNG.runSuitesSequentially(TestNG.java:1208)
at org.testng.TestNG.runSuitesLocally(TestNG.java:1137)
at org.testng.TestNG.runSuites(TestNG.java:1049)
at org.testng.TestNG.run(TestNG.java:1017)
at org.testng.remote.AbstractRemoteTestNG.run(AbstractRemoteTestNG.java:115)
at org.testng.remote.RemoteTestNG.initAndRun(RemoteTestNG.java:251)
at org.testng.remote.RemoteTestNG.main(RemoteTestNG.java:77)
Caused by: org.openqa.selenium.NoSuchElementException: no such element: Unable to locate element: {"method":"xpath","selector":"//input[@id='name_on_card']"}
  (Session info: chrome=79.0.3945.88)
  (Driver info: chromedriver=2.40.565498 (ea082db3280dd6843ebfb08a625e3eb905c4f5ab),platform=Windows NT 10.0.18363 x86_64) (WARNING: The server did not provide any stacktrace information)
Command duration or timeout: 0 milliseconds
For documentation on this error, please visit: https://www.seleniumhq.org/exceptions/no_such_element.html
Build info: version: '3.141.59', revision: 'e82be7d358', time: '2018-11-14T08:17:03'
System info: host: 'MYCOMPUTER', ip: '192.168.2.12', os.name: 'Windows 10', os.arch: 'amd64', os.version: '10.0', java.version: '12.0.2'
Driver info: org.openqa.selenium.chrome.ChromeDriver
Capabilities {acceptInsecureCerts: false, acceptSslCerts: false, applicationCacheEnabled: false, browserConnectionEnabled: false, browserName: chrome, chrome: {chromedriverVersion: 2.40.565498 (ea082db3280dd6..., userDataDir: C:\Users\p_wav\AppData\Loca...}, cssSelectorsEnabled: true, databaseEnabled: false, handlesAlerts: true, hasTouchScreen: false, javascriptEnabled: true, locationContextEnabled: true, mobileEmulationEnabled: false, nativeEvents: true, networkConnectionEnabled: false, pageLoadStrategy: normal, platform: XP, platformName: XP, rotatable: false, setWindowRect: true, takesHeapSnapshot: true, takesScreenshot: true, unexpectedAlertBehaviour: , unhandledPromptBehavior: , version: 79.0.3945.88, webStorageEnabled: true}
Session ID: 0aceee64b5309dd0ebdd2554ef2201fd
*** Element info: {Using=xpath, value=//input[@id='name_on_card']}
at jdk.internal.reflect.GeneratedConstructorAccessor36.newInstance(Unknown Source)
at java.base/jdk.internal.reflect.DelegatingConstructorAccessorImpl.newInstance(DelegatingConstructorAccessorImpl.java:45)
at java.base/java.lang.reflect.Constructor.newInstanceWithCaller(Constructor.java:500)
at java.base/java.lang.reflect.Constructor.newInstance(Constructor.java:481)
at org.openqa.selenium.remote.ErrorHandler.createThrowable(ErrorHandler.java:214)
at org.openqa.selenium.remote.ErrorHandler.throwIfResponseFailed(ErrorHandler.java:166)
at org.openqa.selenium.remote.http.JsonHttpResponseCodec.reconstructValue(JsonHttpResponseCodec.java:40)
at org.openqa.selenium.remote.http.AbstractHttpResponseCodec.decode(AbstractHttpResponseCodec.java:80)
at org.openqa.selenium.remote.http.AbstractHttpResponseCodec.decode(AbstractHttpResponseCodec.java:44)
at org.openqa.selenium.remote.HttpCommandExecutor.execute(HttpCommandExecutor.java:158)
at org.openqa.selenium.remote.service.DriverCommandExecutor.execute(DriverCommandExecutor.java:83)
at org.openqa.selenium.remote.RemoteWebDriver.execute(RemoteWebDriver.java:552)
at org.openqa.selenium.remote.RemoteWebDriver.findElement(RemoteWebDriver.java:323)
at org.openqa.selenium.remote.RemoteWebDriver.findElementByXPath(RemoteWebDriver.java:428)
at org.openqa.selenium.By$ByXPath.findElement(By.java:353)
at org.openqa.selenium.remote.RemoteWebDriver.findElement(RemoteWebDriver.java:315)
at org.openqa.selenium.support.pagefactory.DefaultElementLocator.findElement(DefaultElementLocator.java:69)
at org.openqa.selenium.support.pagefactory.internal.LocatingElementHandler.invoke(LocatingElementHandler.java:38)
at com.sun.proxy.$Proxy14.isDisplayed(Unknown Source)
at org.openqa.selenium.support.ui.ExpectedConditions.elementIfVisible(ExpectedConditions.java:314)
at org.openqa.selenium.support.ui.ExpectedConditions.access$000(ExpectedConditions.java:43)
at org.openqa.selenium.support.ui.ExpectedConditions$10.apply(ExpectedConditions.java:300)
at org.openqa.selenium.support.ui.ExpectedConditions$10.apply(ExpectedConditions.java:297)
at org.openqa.selenium.support.ui.FluentWait.until(FluentWait.java:249)
... 27 more
]]>
            </full-stacktrace>
          </exception> <!-- org.openqa.selenium.TimeoutException -->
          <reporter-output>
          </reporter-output>
        </test-method> <!-- ZeroPrizeUpdate -->
        <test-method is-config="true" signature="tearDown()[pri:0, instance:com.testCases.TP_TC_099@59505b48]" started-at="2020-01-08T22:23:46Z" name="tearDown" finished-at="2020-01-08T22:23:46Z" duration-ms="0" status="PASS">
          <reporter-output>
          </reporter-output>
        </test-method> <!-- tearDown -->
      </class> <!-- com.testCases.TP_TC_099 -->
      <class name="com.testCases.TP_TC_021">
        <test-method is-config="true" signature="setup()[pri:0, instance:com.testCases.TP_TC_021@2dc54ad4]" started-at="2020-01-08T22:15:25Z" name="setup" finished-at="2020-01-08T22:15:37Z" duration-ms="11935" status="PASS">
          <reporter-output>
          </reporter-output>
        </test-method> <!-- setup -->
        <test-method signature="SignUpTest(java.lang.String)[pri:0, instance:com.testCases.TP_TC_021@2dc54ad4]" started-at="2020-01-08T22:15:37Z" name="SignUpTest" data-provider="SignUpData" finished-at="2020-01-08T22:15:39Z" duration-ms="1810" status="PASS">
          <params>
            <param index="0">
              <value>
                <![CDATA[123456789]]>
              </value>
            </param>
          </params>
          <reporter-output>
          </reporter-output>
        </test-method> <!-- SignUpTest -->
        <test-method is-config="true" signature="tearDownMethod()[pri:0, instance:com.testCases.TP_TC_021@2dc54ad4]" started-at="2020-01-08T22:15:39Z" name="tearDownMethod" finished-at="2020-01-08T22:15:40Z" duration-ms="735" status="PASS">
          <reporter-output>
          </reporter-output>
        </test-method> <!-- tearDownMethod -->
        <test-method is-config="true" signature="tearDown()[pri:0, instance:com.testCases.TP_TC_021@2dc54ad4]" started-at="2020-01-08T22:15:40Z" name="tearDown" finished-at="2020-01-08T22:15:40Z" duration-ms="0" status="PASS">
          <reporter-output>
          </reporter-output>
        </test-method> <!-- tearDown -->
      </class> <!-- com.testCases.TP_TC_021 -->
      <class name="com.testCases.TP_TC_098">
        <test-method is-config="true" signature="setup()[pri:0, instance:com.testCases.TP_TC_098@29215f06]" started-at="2020-01-08T22:21:30Z" name="setup" finished-at="2020-01-08T22:21:40Z" duration-ms="10469" status="PASS">
          <reporter-output>
          </reporter-output>
        </test-method> <!-- setup -->
        <test-method signature="CreditcardWorkflow()[pri:0, instance:com.testCases.TP_TC_098@29215f06]" started-at="2020-01-08T22:21:40Z" name="CreditcardWorkflow" finished-at="2020-01-08T22:22:40Z" duration-ms="59510" status="PASS">
          <reporter-output>
          </reporter-output>
        </test-method> <!-- CreditcardWorkflow -->
        <test-method is-config="true" signature="tearDown()[pri:0, instance:com.testCases.TP_TC_098@29215f06]" started-at="2020-01-08T22:22:40Z" name="tearDown" finished-at="2020-01-08T22:22:40Z" duration-ms="0" status="PASS">
          <reporter-output>
          </reporter-output>
        </test-method> <!-- tearDown -->
      </class> <!-- com.testCases.TP_TC_098 -->
      <class name="com.testCases.TP_TC_029">
        <test-method is-config="true" signature="setup()[pri:0, instance:com.testCases.TP_TC_029@4b0d79fc]" started-at="2020-01-08T22:17:21Z" name="setup" finished-at="2020-01-08T22:17:32Z" duration-ms="10784" status="PASS">
          <reporter-output>
          </reporter-output>
        </test-method> <!-- setup -->
        <test-method signature="logintest(java.lang.String, java.lang.String)[pri:0, instance:com.testCases.TP_TC_029@4b0d79fc]" started-at="2020-01-08T22:17:32Z" name="logintest" data-provider="credentials" finished-at="2020-01-08T22:18:06Z" duration-ms="33592" status="PASS">
          <params>
            <param index="0">
              <value>
                <![CDATA[wave@mailinator.com]]>
              </value>
            </param>
            <param index="1">
              <value>
                <![CDATA[Busyqa2020]]>
              </value>
            </param>
          </params>
          <reporter-output>
          </reporter-output>
        </test-method> <!-- logintest -->
        <test-method is-config="true" signature="tearDown()[pri:0, instance:com.testCases.TP_TC_029@4b0d79fc]" started-at="2020-01-08T22:18:06Z" name="tearDown" finished-at="2020-01-08T22:18:06Z" duration-ms="1" status="PASS">
          <reporter-output>
          </reporter-output>
        </test-method> <!-- tearDown -->
      </class> <!-- com.testCases.TP_TC_029 -->
    </test> <!-- Test -->
  </suite> <!-- Suite -->
</testng-results>
